# JRE version: OpenJDK Runtime Environment (11.0.10) (build 11.0.10+0-b96-7249189)
# Java VM: OpenJDK 64-Bit Server VM (11.0.10+0-b96-7249189, mixed mode, tiered, compressed oops, g1 gc, windows-amd64)
Heap:
 garbage-first heap   total 609280K, used 219700K [0x00000000a0000000, 0x0000000100000000)
  region size 1024K, 2 young (2048K), 2 survivors (2048K)
 Metaspace       used 121890K, capacity 124591K, committed 124748K, reserved 1157120K
  class space    used 15151K, capacity 16204K, committed 16204K, reserved 1048576K
GC Heap History (20 events):
Event: 54.522 GC heap after
{Heap after GC invocations=64 (full 0):
 garbage-first heap   total 187392K, used 160213K [0x00000000a0000000, 0x0000000100000000)
  region size 1024K, 2 young (2048K), 2 survivors (2048K)
 Metaspace       used 120250K, capacity 122996K, committed 123084K, reserved 1157120K
  class space    used 14996K, capacity 16028K, committed 16076K, reserved 1048576K
}
Event: 54.748 GC heap before
{Heap before GC invocations=64 (full 0):
 garbage-first heap   total 187392K, used 167381K [0x00000000a0000000, 0x0000000100000000)
  region size 1024K, 9 young (9216K), 2 survivors (2048K)
 Metaspace       used 120768K, capacity 123498K, committed 123596K, reserved 1157120K
  class space    used 15027K, capacity 16065K, committed 16076K, reserved 1048576K
}
Event: 54.753 GC heap after
{Heap after GC invocations=65 (full 0):
 garbage-first heap   total 187392K, used 161638K [0x00000000a0000000, 0x0000000100000000)
  region size 1024K, 2 young (2048K), 2 survivors (2048K)
 Metaspace       used 120768K, capacity 123498K, committed 123596K, reserved 1157120K
  class space    used 15027K, capacity 16065K, committed 16076K, reserved 1048576K
}
Event: 54.817 GC heap before
{Heap before GC invocations=66 (full 0):
 garbage-first heap   total 187392K, used 168806K [0x00000000a0000000, 0x0000000100000000)
  region size 1024K, 9 young (9216K), 2 survivors (2048K)
 Metaspace       used 120768K, capacity 123498K, committed 123596K, reserved 1157120K
  class space    used 15027K, capacity 16065K, committed 16076K, reserved 1048576K
}
Event: 54.825 GC heap after
{Heap after GC invocations=67 (full 0):
 garbage-first heap   total 187392K, used 168597K [0x00000000a0000000, 0x0000000100000000)
  region size 1024K, 2 young (2048K), 2 survivors (2048K)
 Metaspace       used 120768K, capacity 123498K, committed 123596K, reserved 1157120K
  class space    used 15027K, capacity 16065K, committed 16076K, reserved 1048576K
}
Event: 54.878 GC heap before
{Heap before GC invocations=67 (full 0):
 garbage-first heap   total 187392K, used 174741K [0x00000000a0000000, 0x0000000100000000)
  region size 1024K, 9 young (9216K), 2 survivors (2048K)
 Metaspace       used 120768K, capacity 123498K, committed 123596K, reserved 1157120K
  class space    used 15027K, capacity 16065K, committed 16076K, reserved 1048576K
}
Event: 54.886 GC heap after
{Heap after GC invocations=68 (full 0):
 garbage-first heap   total 187392K, used 174712K [0x00000000a0000000, 0x0000000100000000)
  region size 1024K, 2 young (2048K), 2 survivors (2048K)
 Metaspace       used 120768K, capacity 123498K, committed 123596K, reserved 1157120K
  class space    used 15027K, capacity 16065K, committed 16076K, reserved 1048576K
}
Event: 54.910 GC heap before
{Heap before GC invocations=68 (full 0):
 garbage-first heap   total 187392K, used 181880K [0x00000000a0000000, 0x0000000100000000)
  region size 1024K, 9 young (9216K), 2 survivors (2048K)
 Metaspace       used 120768K, capacity 123498K, committed 123596K, reserved 1157120K
  class space    used 15027K, capacity 16065K, committed 16076K, reserved 1048576K
}
Event: 54.921 GC heap after
{Heap after GC invocations=69 (full 0):
 garbage-first heap   total 189440K, used 180224K [0x00000000a0000000, 0x0000000100000000)
  region size 1024K, 2 young (2048K), 2 survivors (2048K)
 Metaspace       used 120768K, capacity 123498K, committed 123596K, reserved 1157120K
  class space    used 15027K, capacity 16065K, committed 16076K, reserved 1048576K
}
Event: 54.953 GC heap before
{Heap before GC invocations=69 (full 0):
 garbage-first heap   total 189440K, used 187392K [0x00000000a0000000, 0x0000000100000000)
  region size 1024K, 9 young (9216K), 2 survivors (2048K)
 Metaspace       used 120768K, capacity 123498K, committed 123596K, reserved 1157120K
  class space    used 15027K, capacity 16065K, committed 16076K, reserved 1048576K
}
Event: 54.964 GC heap after
{Heap after GC invocations=70 (full 0):
 garbage-first heap   total 195584K, used 186025K [0x00000000a0000000, 0x0000000100000000)
  region size 1024K, 2 young (2048K), 2 survivors (2048K)
 Metaspace       used 120768K, capacity 123498K, committed 123596K, reserved 1157120K
  class space    used 15027K, capacity 16065K, committed 16076K, reserved 1048576K
}
Event: 54.998 GC heap before
{Heap before GC invocations=70 (full 0):
 garbage-first heap   total 195584K, used 192169K [0x00000000a0000000, 0x0000000100000000)
  region size 1024K, 9 young (9216K), 2 survivors (2048K)
 Metaspace       used 120772K, capacity 123498K, committed 123596K, reserved 1157120K
  class space    used 15027K, capacity 16065K, committed 16076K, reserved 1048576K
}
Event: 55.008 GC heap after
{Heap after GC invocations=71 (full 0):
 garbage-first heap   total 288768K, used 191488K [0x00000000a0000000, 0x0000000100000000)
  region size 1024K, 2 young (2048K), 2 survivors (2048K)
 Metaspace       used 120772K, capacity 123498K, committed 123596K, reserved 1157120K
  class space    used 15027K, capacity 16065K, committed 16076K, reserved 1048576K
}
Event: 55.298 GC heap before
{Heap before GC invocations=71 (full 0):
 garbage-first heap   total 288768K, used 216064K [0x00000000a0000000, 0x0000000100000000)
  region size 1024K, 27 young (27648K), 2 survivors (2048K)
 Metaspace       used 120861K, capacity 123582K, committed 123596K, reserved 1157120K
  class space    used 15029K, capacity 16067K, committed 16076K, reserved 1048576K
}
Event: 55.360 GC heap after
{Heap after GC invocations=72 (full 0):
 garbage-first heap   total 288768K, used 211444K [0x00000000a0000000, 0x0000000100000000)
  region size 1024K, 4 young (4096K), 4 survivors (4096K)
 Metaspace       used 120861K, capacity 123582K, committed 123596K, reserved 1157120K
  class space    used 15029K, capacity 16067K, committed 16076K, reserved 1048576K
}
Event: 55.465 GC heap before
{Heap before GC invocations=72 (full 0):
 garbage-first heap   total 288768K, used 227828K [0x00000000a0000000, 0x0000000100000000)
  region size 1024K, 20 young (20480K), 4 survivors (4096K)
 Metaspace       used 120944K, capacity 123712K, committed 123852K, reserved 1157120K
  class space    used 15030K, capacity 16067K, committed 16076K, reserved 1048576K
}
Event: 55.480 GC heap after
{Heap after GC invocations=73 (full 0):
 garbage-first heap   total 288768K, used 219491K [0x00000000a0000000, 0x0000000100000000)
  region size 1024K, 3 young (3072K), 3 survivors (3072K)
 Metaspace       used 120944K, capacity 123712K, committed 123852K, reserved 1157120K
  class space    used 15030K, capacity 16067K, committed 16076K, reserved 1048576K
}
Event: 56.479 GC heap before
{Heap before GC invocations=74 (full 0):
 garbage-first heap   total 288768K, used 232803K [0x00000000a0000000, 0x0000000100000000)
  region size 1024K, 17 young (17408K), 3 survivors (3072K)
 Metaspace       used 121135K, capacity 123757K, committed 123852K, reserved 1157120K
  class space    used 15044K, capacity 16075K, committed 16076K, reserved 1048576K
}
Event: 56.487 GC heap after
{Heap after GC invocations=75 (full 0):
 garbage-first heap   total 288768K, used 218997K [0x00000000a0000000, 0x0000000100000000)
  region size 1024K, 1 young (1024K), 1 survivors (1024K)
 Metaspace       used 121135K, capacity 123757K, committed 123852K, reserved 1157120K
  class space    used 15044K, capacity 16075K, committed 16076K, reserved 1048576K
}
Event: 64.108 GC heap before
{Heap before GC invocations=75 (full 0):
 garbage-first heap   total 288768K, used 233333K [0x00000000a0000000, 0x0000000100000000)
  region size 1024K, 16 young (16384K), 1 survivors (1024K)
 Metaspace       used 121890K, capacity 124591K, committed 124748K, reserved 1157120K
  class space    used 15151K, capacity 16204K, committed 16204K, reserved 1048576K
}

