# JRE version: OpenJDK Runtime Environment (11.0.10) (build 11.0.10+0-b96-7249189)
# Java VM: OpenJDK 64-Bit Server VM (11.0.10+0-b96-7249189, mixed mode, tiered, compressed oops, g1 gc, windows-amd64)
Heap:
 garbage-first heap   total 529408K, used 217088K [0x00000000a0000000, 0x0000000100000000)
  region size 1024K, 4 young (4096K), 4 survivors (4096K)
 Metaspace       used 117218K, capacity 120871K, committed 121036K, reserved 1153024K
  class space    used 15485K, capacity 16996K, committed 17100K, reserved 1048576K
GC Heap History (20 events):
Event: 27.713 GC heap after
{Heap after GC invocations=43 (full 0):
 garbage-first heap   total 155648K, used 111144K [0x00000000a0000000, 0x0000000100000000)
  region size 1024K, 3 young (3072K), 3 survivors (3072K)
 Metaspace       used 104425K, capacity 106919K, committed 107212K, reserved 1142784K
  class space    used 13340K, capacity 14245K, committed 14284K, reserved 1048576K
}
Event: 27.951 GC heap before
{Heap before GC invocations=44 (full 0):
 garbage-first heap   total 155648K, used 129576K [0x00000000a0000000, 0x0000000100000000)
  region size 1024K, 22 young (22528K), 3 survivors (3072K)
 Metaspace       used 106180K, capacity 108745K, committed 108876K, reserved 1142784K
  class space    used 13615K, capacity 14548K, committed 14668K, reserved 1048576K
}
Event: 27.959 GC heap after
{Heap after GC invocations=45 (full 0):
 garbage-first heap   total 155648K, used 114090K [0x00000000a0000000, 0x0000000100000000)
  region size 1024K, 3 young (3072K), 3 survivors (3072K)
 Metaspace       used 106180K, capacity 108745K, committed 108876K, reserved 1142784K
  class space    used 13615K, capacity 14548K, committed 14668K, reserved 1048576K
}
Event: 28.003 GC heap before
{Heap before GC invocations=45 (full 0):
 garbage-first heap   total 155648K, used 118186K [0x00000000a0000000, 0x0000000100000000)
  region size 1024K, 7 young (7168K), 3 survivors (3072K)
 Metaspace       used 106406K, capacity 108993K, committed 109132K, reserved 1144832K
  class space    used 13657K, capacity 14611K, committed 14668K, reserved 1048576K
}
Event: 28.013 GC heap after
{Heap after GC invocations=46 (full 0):
 garbage-first heap   total 187392K, used 114396K [0x00000000a0000000, 0x0000000100000000)
  region size 1024K, 1 young (1024K), 1 survivors (1024K)
 Metaspace       used 106406K, capacity 108993K, committed 109132K, reserved 1144832K
  class space    used 13657K, capacity 14611K, committed 14668K, reserved 1048576K
}
Event: 28.369 GC heap before
{Heap before GC invocations=46 (full 0):
 garbage-first heap   total 187392K, used 144092K [0x00000000a0000000, 0x0000000100000000)
  region size 1024K, 31 young (31744K), 1 survivors (1024K)
 Metaspace       used 109145K, capacity 112062K, committed 112332K, reserved 1146880K
  class space    used 14105K, capacity 15202K, committed 15308K, reserved 1048576K
}
Event: 28.384 GC heap after
{Heap after GC invocations=47 (full 0):
 garbage-first heap   total 187392K, used 120575K [0x00000000a0000000, 0x0000000100000000)
  region size 1024K, 4 young (4096K), 4 survivors (4096K)
 Metaspace       used 109145K, capacity 112062K, committed 112332K, reserved 1146880K
  class space    used 14105K, capacity 15202K, committed 15308K, reserved 1048576K
}
Event: 28.824 GC heap before
{Heap before GC invocations=47 (full 0):
 garbage-first heap   total 187392K, used 148223K [0x00000000a0000000, 0x0000000100000000)
  region size 1024K, 32 young (32768K), 4 survivors (4096K)
 Metaspace       used 113703K, capacity 116988K, committed 117196K, reserved 1150976K
  class space    used 14964K, capacity 16274K, committed 16332K, reserved 1048576K
}
Event: 28.837 GC heap after
{Heap after GC invocations=48 (full 0):
 garbage-first heap   total 187392K, used 122677K [0x00000000a0000000, 0x0000000100000000)
  region size 1024K, 2 young (2048K), 2 survivors (2048K)
 Metaspace       used 113703K, capacity 116988K, committed 117196K, reserved 1150976K
  class space    used 14964K, capacity 16274K, committed 16332K, reserved 1048576K
}
Event: 29.211 GC heap before
{Heap before GC invocations=48 (full 0):
 garbage-first heap   total 187392K, used 150325K [0x00000000a0000000, 0x0000000100000000)
  region size 1024K, 30 young (30720K), 2 survivors (2048K)
 Metaspace       used 115540K, capacity 119152K, committed 119372K, reserved 1153024K
  class space    used 15261K, capacity 16710K, committed 16716K, reserved 1048576K
}
Event: 29.218 GC heap after
{Heap after GC invocations=49 (full 0):
 garbage-first heap   total 187392K, used 121810K [0x00000000a0000000, 0x0000000100000000)
  region size 1024K, 4 young (4096K), 4 survivors (4096K)
 Metaspace       used 115540K, capacity 119152K, committed 119372K, reserved 1153024K
  class space    used 15261K, capacity 16710K, committed 16716K, reserved 1048576K
}
Event: 29.479 GC heap before
{Heap before GC invocations=49 (full 0):
 garbage-first heap   total 187392K, used 150482K [0x00000000a0000000, 0x0000000100000000)
  region size 1024K, 33 young (33792K), 4 survivors (4096K)
 Metaspace       used 115610K, capacity 119222K, committed 119372K, reserved 1153024K
  class space    used 15265K, capacity 16711K, committed 16716K, reserved 1048576K
}
Event: 29.492 GC heap after
{Heap after GC invocations=50 (full 0):
 garbage-first heap   total 278528K, used 123865K [0x00000000a0000000, 0x0000000100000000)
  region size 1024K, 4 young (4096K), 4 survivors (4096K)
 Metaspace       used 115610K, capacity 119222K, committed 119372K, reserved 1153024K
  class space    used 15265K, capacity 16711K, committed 16716K, reserved 1048576K
}
Event: 30.294 GC heap before
{Heap before GC invocations=50 (full 0):
 garbage-first heap   total 278528K, used 220121K [0x00000000a0000000, 0x0000000100000000)
  region size 1024K, 66 young (67584K), 4 survivors (4096K)
 Metaspace       used 116436K, capacity 120026K, committed 120268K, reserved 1153024K
  class space    used 15359K, capacity 16822K, committed 16844K, reserved 1048576K
}
Event: 30.326 GC heap after
{Heap after GC invocations=51 (full 0):
 garbage-first heap   total 278528K, used 159132K [0x00000000a0000000, 0x0000000100000000)
  region size 1024K, 9 young (9216K), 9 survivors (9216K)
 Metaspace       used 116436K, capacity 120026K, committed 120268K, reserved 1153024K
  class space    used 15359K, capacity 16822K, committed 16844K, reserved 1048576K
}
Event: 31.016 GC heap before
{Heap before GC invocations=51 (full 0):
 garbage-first heap   total 278528K, used 209308K [0x00000000a0000000, 0x0000000100000000)
  region size 1024K, 57 young (58368K), 9 survivors (9216K)
 Metaspace       used 117186K, capacity 120868K, committed 121036K, reserved 1153024K
  class space    used 15485K, capacity 16996K, committed 17100K, reserved 1048576K
}
Event: 31.068 GC heap after
{Heap after GC invocations=52 (full 0):
 garbage-first heap   total 278528K, used 182755K [0x00000000a0000000, 0x0000000100000000)
  region size 1024K, 8 young (8192K), 8 survivors (8192K)
 Metaspace       used 117186K, capacity 120868K, committed 121036K, reserved 1153024K
  class space    used 15485K, capacity 16996K, committed 17100K, reserved 1048576K
}
Event: 31.461 GC heap before
{Heap before GC invocations=52 (full 0):
 garbage-first heap   total 278528K, used 216547K [0x00000000a0000000, 0x0000000100000000)
  region size 1024K, 42 young (43008K), 8 survivors (8192K)
 Metaspace       used 117217K, capacity 120871K, committed 121036K, reserved 1153024K
  class space    used 15485K, capacity 16996K, committed 17100K, reserved 1048576K
}
Event: 31.511 GC heap after
{Heap after GC invocations=53 (full 0):
 garbage-first heap   total 278528K, used 202752K [0x00000000a0000000, 0x0000000100000000)
  region size 1024K, 6 young (6144K), 6 survivors (6144K)
 Metaspace       used 117217K, capacity 120871K, committed 121036K, reserved 1153024K
  class space    used 15485K, capacity 16996K, committed 17100K, reserved 1048576K
}
Event: 31.768 GC heap before
{Heap before GC invocations=53 (full 0):
 garbage-first heap   total 278528K, used 228352K [0x00000000a0000000, 0x0000000100000000)
  region size 1024K, 29 young (29696K), 6 survivors (6144K)
 Metaspace       used 117218K, capacity 120871K, committed 121036K, reserved 1153024K
  class space    used 15485K, capacity 16996K, committed 17100K, reserved 1048576K
}

