# JRE version: OpenJDK Runtime Environment (11.0.10) (build 11.0.10+0-b96-7249189)
# Java VM: OpenJDK 64-Bit Server VM (11.0.10+0-b96-7249189, mixed mode, tiered, compressed oops, g1 gc, windows-amd64)
Heap:
 garbage-first heap   total 394240K, used 245888K [0x00000000a0000000, 0x0000000100000000)
  region size 1024K, 5 young (5120K), 5 survivors (5120K)
 Metaspace       used 136681K, capacity 140139K, committed 141132K, reserved 1171456K
  class space    used 17301K, capacity 18649K, committed 19020K, reserved 1048576K
GC Heap History (20 events):
Event: 56.969 GC heap after
{Heap after GC invocations=72 (full 0):
 garbage-first heap   total 282624K, used 143757K [0x00000000a0000000, 0x0000000100000000)
  region size 1024K, 2 young (2048K), 2 survivors (2048K)
 Metaspace       used 135511K, capacity 139250K, committed 139596K, reserved 1169408K
  class space    used 17241K, capacity 18664K, committed 18764K, reserved 1048576K
}
Event: 57.808 GC heap before
{Heap before GC invocations=73 (full 0):
 garbage-first heap   total 282624K, used 228749K [0x00000000a0000000, 0x0000000100000000)
  region size 1024K, 54 young (55296K), 2 survivors (2048K)
 Metaspace       used 135958K, capacity 139605K, committed 139852K, reserved 1171456K
  class space    used 17300K, capacity 18719K, committed 18764K, reserved 1048576K
}
Event: 57.850 GC heap after
{Heap after GC invocations=74 (full 0):
 garbage-first heap   total 282624K, used 184320K [0x00000000a0000000, 0x0000000100000000)
  region size 1024K, 7 young (7168K), 7 survivors (7168K)
 Metaspace       used 135958K, capacity 139605K, committed 139852K, reserved 1171456K
  class space    used 17300K, capacity 18719K, committed 18764K, reserved 1048576K
}
Event: 58.014 GC heap before
{Heap before GC invocations=74 (full 0):
 garbage-first heap   total 282624K, used 190464K [0x00000000a0000000, 0x0000000100000000)
  region size 1024K, 13 young (13312K), 7 survivors (7168K)
 Metaspace       used 136608K, capacity 140351K, committed 140620K, reserved 1171456K
  class space    used 17463K, capacity 18948K, committed 19020K, reserved 1048576K
}
Event: 58.047 GC heap after
{Heap after GC invocations=75 (full 0):
 garbage-first heap   total 282624K, used 178410K [0x00000000a0000000, 0x0000000100000000)
  region size 1024K, 2 young (2048K), 2 survivors (2048K)
 Metaspace       used 136608K, capacity 140351K, committed 140620K, reserved 1171456K
  class space    used 17463K, capacity 18948K, committed 19020K, reserved 1048576K
}
Event: 58.974 GC heap before
{Heap before GC invocations=75 (full 0):
 garbage-first heap   total 282624K, used 215274K [0x00000000a0000000, 0x0000000100000000)
  region size 1024K, 39 young (39936K), 2 survivors (2048K)
 Metaspace       used 136769K, capacity 140485K, committed 140620K, reserved 1171456K
  class space    used 17463K, capacity 18948K, committed 19020K, reserved 1048576K
}
Event: 59.012 GC heap after
{Heap after GC invocations=76 (full 0):
 garbage-first heap   total 282624K, used 198927K [0x00000000a0000000, 0x0000000100000000)
  region size 1024K, 5 young (5120K), 5 survivors (5120K)
 Metaspace       used 136769K, capacity 140485K, committed 140620K, reserved 1171456K
  class space    used 17463K, capacity 18948K, committed 19020K, reserved 1048576K
}
Event: 59.293 GC heap before
{Heap before GC invocations=76 (full 0):
 garbage-first heap   total 282624K, used 216335K [0x00000000a0000000, 0x0000000100000000)
  region size 1024K, 23 young (23552K), 5 survivors (5120K)
 Metaspace       used 136781K, capacity 140487K, committed 140620K, reserved 1171456K
  class space    used 17463K, capacity 18948K, committed 19020K, reserved 1048576K
}
Event: 59.337 GC heap after
{Heap after GC invocations=77 (full 0):
 garbage-first heap   total 282624K, used 210944K [0x00000000a0000000, 0x0000000100000000)
  region size 1024K, 4 young (4096K), 4 survivors (4096K)
 Metaspace       used 136781K, capacity 140487K, committed 140620K, reserved 1171456K
  class space    used 17463K, capacity 18948K, committed 19020K, reserved 1048576K
}
Event: 59.864 GC heap before
{Heap before GC invocations=77 (full 0):
 garbage-first heap   total 282624K, used 230400K [0x00000000a0000000, 0x0000000100000000)
  region size 1024K, 23 young (23552K), 4 survivors (4096K)
 Metaspace       used 136311K, capacity 139736K, committed 140620K, reserved 1171456K
  class space    used 17306K, capacity 18667K, committed 19020K, reserved 1048576K
}
Event: 59.923 GC heap after
{Heap after GC invocations=78 (full 0):
 garbage-first heap   total 334848K, used 222208K [0x00000000a0000000, 0x0000000100000000)
  region size 1024K, 3 young (3072K), 3 survivors (3072K)
 Metaspace       used 136311K, capacity 139736K, committed 140620K, reserved 1171456K
  class space    used 17306K, capacity 18667K, committed 19020K, reserved 1048576K
}
Event: 60.552 GC heap before
{Heap before GC invocations=79 (full 0):
 garbage-first heap   total 334848K, used 253952K [0x00000000a0000000, 0x0000000100000000)
  region size 1024K, 35 young (35840K), 3 survivors (3072K)
 Metaspace       used 136471K, capacity 139969K, committed 140876K, reserved 1171456K
  class space    used 17313K, capacity 18673K, committed 19020K, reserved 1048576K
}
Event: 60.601 GC heap after
{Heap after GC invocations=80 (full 0):
 garbage-first heap   total 334848K, used 233749K [0x00000000a0000000, 0x0000000100000000)
  region size 1024K, 5 young (5120K), 5 survivors (5120K)
 Metaspace       used 136471K, capacity 139969K, committed 140876K, reserved 1171456K
  class space    used 17313K, capacity 18673K, committed 19020K, reserved 1048576K
}
Event: 60.803 GC heap before
{Heap before GC invocations=80 (full 0):
 garbage-first heap   total 334848K, used 245013K [0x00000000a0000000, 0x0000000100000000)
  region size 1024K, 16 young (16384K), 5 survivors (5120K)
 Metaspace       used 136534K, capacity 140059K, committed 140876K, reserved 1171456K
  class space    used 17315K, capacity 18677K, committed 19020K, reserved 1048576K
}
Event: 60.835 GC heap after
{Heap after GC invocations=81 (full 0):
 garbage-first heap   total 334848K, used 230851K [0x00000000a0000000, 0x0000000100000000)
  region size 1024K, 2 young (2048K), 2 survivors (2048K)
 Metaspace       used 136534K, capacity 140059K, committed 140876K, reserved 1171456K
  class space    used 17315K, capacity 18677K, committed 19020K, reserved 1048576K
}
Event: 61.447 GC heap before
{Heap before GC invocations=81 (full 0):
 garbage-first heap   total 334848K, used 262595K [0x00000000a0000000, 0x0000000100000000)
  region size 1024K, 33 young (33792K), 2 survivors (2048K)
 Metaspace       used 136675K, capacity 140145K, committed 141132K, reserved 1171456K
  class space    used 17316K, capacity 18678K, committed 19020K, reserved 1048576K
}
Event: 61.462 GC heap after
{Heap after GC invocations=82 (full 0):
 garbage-first heap   total 334848K, used 235897K [0x00000000a0000000, 0x0000000100000000)
  region size 1024K, 5 young (5120K), 5 survivors (5120K)
 Metaspace       used 136675K, capacity 140145K, committed 141132K, reserved 1171456K
  class space    used 17316K, capacity 18678K, committed 19020K, reserved 1048576K
}
Event: 61.844 GC heap before
{Heap before GC invocations=82 (full 0):
 garbage-first heap   total 334848K, used 262521K [0x00000000a0000000, 0x0000000100000000)
  region size 1024K, 32 young (32768K), 5 survivors (5120K)
 Metaspace       used 136691K, capacity 140209K, committed 141132K, reserved 1171456K
  class space    used 17316K, capacity 18678K, committed 19020K, reserved 1048576K
}
Event: 61.879 GC heap after
{Heap after GC invocations=83 (full 0):
 garbage-first heap   total 334848K, used 242254K [0x00000000a0000000, 0x0000000100000000)
  region size 1024K, 5 young (5120K), 5 survivors (5120K)
 Metaspace       used 136691K, capacity 140209K, committed 141132K, reserved 1171456K
  class space    used 17316K, capacity 18678K, committed 19020K, reserved 1048576K
}
Event: 62.540 GC heap before
{Heap before GC invocations=83 (full 0):
 garbage-first heap   total 334848K, used 267854K [0x00000000a0000000, 0x0000000100000000)
  region size 1024K, 34 young (34816K), 5 survivors (5120K)
 Metaspace       used 136681K, capacity 140139K, committed 141132K, reserved 1171456K
  class space    used 17301K, capacity 18649K, committed 19020K, reserved 1048576K
}

