# JRE version: OpenJDK Runtime Environment (11.0.10) (build 11.0.10+0-b96-7249189)
# Java VM: OpenJDK 64-Bit Server VM (11.0.10+0-b96-7249189, mixed mode, tiered, compressed oops, g1 gc, windows-amd64)
Heap:
 garbage-first heap   total 129024K, used 103808K [0x00000000a0000000, 0x0000000100000000)
  region size 1024K, 41 young (41984K), 5 survivors (5120K)
 Metaspace       used 82962K, capacity 84954K, committed 85068K, reserved 1122304K
  class space    used 10770K, capacity 11494K, committed 11596K, reserved 1048576K
GC Heap History (20 events):
Event: 9.882 GC heap before
{Heap before GC invocations=8 (full 0):
 garbage-first heap   total 129024K, used 88730K [0x00000000a0000000, 0x0000000100000000)
  region size 1024K, 69 young (70656K), 8 survivors (8192K)
 Metaspace       used 44746K, capacity 45815K, committed 45900K, reserved 1089536K
  class space    used 5749K, capacity 6139K, committed 6220K, reserved 1048576K
}
Event: 9.893 GC heap after
{Heap after GC invocations=9 (full 0):
 garbage-first heap   total 129024K, used 29128K [0x00000000a0000000, 0x0000000100000000)
  region size 1024K, 7 young (7168K), 7 survivors (7168K)
 Metaspace       used 44746K, capacity 45815K, committed 45900K, reserved 1089536K
  class space    used 5749K, capacity 6139K, committed 6220K, reserved 1048576K
}
Event: 11.805 GC heap before
{Heap before GC invocations=9 (full 0):
 garbage-first heap   total 129024K, used 99784K [0x00000000a0000000, 0x0000000100000000)
  region size 1024K, 69 young (70656K), 7 survivors (7168K)
 Metaspace       used 47653K, capacity 48942K, committed 49100K, reserved 1091584K
  class space    used 6084K, capacity 6512K, committed 6604K, reserved 1048576K
}
Event: 11.818 GC heap after
{Heap after GC invocations=10 (full 0):
 garbage-first heap   total 129024K, used 47746K [0x00000000a0000000, 0x0000000100000000)
  region size 1024K, 9 young (9216K), 9 survivors (9216K)
 Metaspace       used 47653K, capacity 48942K, committed 49100K, reserved 1091584K
  class space    used 6084K, capacity 6512K, committed 6604K, reserved 1048576K
}
Event: 13.028 GC heap before
{Heap before GC invocations=10 (full 0):
 garbage-first heap   total 129024K, used 95874K [0x00000000a0000000, 0x0000000100000000)
  region size 1024K, 56 young (57344K), 9 survivors (9216K)
 Metaspace       used 54148K, capacity 55581K, committed 55756K, reserved 1097728K
  class space    used 6866K, capacity 7350K, committed 7372K, reserved 1048576K
}
Event: 13.037 GC heap after
{Heap after GC invocations=11 (full 0):
 garbage-first heap   total 129024K, used 50173K [0x00000000a0000000, 0x0000000100000000)
  region size 1024K, 2 young (2048K), 2 survivors (2048K)
 Metaspace       used 54148K, capacity 55581K, committed 55756K, reserved 1097728K
  class space    used 6866K, capacity 7350K, committed 7372K, reserved 1048576K
}
Event: 13.813 GC heap before
{Heap before GC invocations=11 (full 0):
 garbage-first heap   total 129024K, used 76797K [0x00000000a0000000, 0x0000000100000000)
  region size 1024K, 29 young (29696K), 2 survivors (2048K)
 Metaspace       used 58686K, capacity 60172K, committed 60236K, reserved 1101824K
  class space    used 7434K, capacity 7981K, committed 8012K, reserved 1048576K
}
Event: 13.823 GC heap after
{Heap after GC invocations=12 (full 0):
 garbage-first heap   total 129024K, used 51833K [0x00000000a0000000, 0x0000000100000000)
  region size 1024K, 4 young (4096K), 4 survivors (4096K)
 Metaspace       used 58686K, capacity 60172K, committed 60236K, reserved 1101824K
  class space    used 7434K, capacity 7981K, committed 8012K, reserved 1048576K
}
Event: 14.647 GC heap before
{Heap before GC invocations=13 (full 0):
 garbage-first heap   total 129024K, used 91769K [0x00000000a0000000, 0x0000000100000000)
  region size 1024K, 44 young (45056K), 4 survivors (4096K)
 Metaspace       used 62244K, capacity 63801K, committed 64076K, reserved 1105920K
  class space    used 7883K, capacity 8415K, committed 8524K, reserved 1048576K
}
Event: 14.661 GC heap after
{Heap after GC invocations=14 (full 0):
 garbage-first heap   total 129024K, used 55086K [0x00000000a0000000, 0x0000000100000000)
  region size 1024K, 6 young (6144K), 6 survivors (6144K)
 Metaspace       used 62244K, capacity 63801K, committed 64076K, reserved 1105920K
  class space    used 7883K, capacity 8415K, committed 8524K, reserved 1048576K
}
Event: 15.616 GC heap before
{Heap before GC invocations=15 (full 0):
 garbage-first heap   total 129024K, used 96046K [0x00000000a0000000, 0x0000000100000000)
  region size 1024K, 45 young (46080K), 6 survivors (6144K)
 Metaspace       used 65659K, capacity 67263K, committed 67532K, reserved 1107968K
  class space    used 8303K, capacity 8834K, committed 8908K, reserved 1048576K
}
Event: 15.627 GC heap after
{Heap after GC invocations=16 (full 0):
 garbage-first heap   total 129024K, used 57484K [0x00000000a0000000, 0x0000000100000000)
  region size 1024K, 3 young (3072K), 3 survivors (3072K)
 Metaspace       used 65659K, capacity 67263K, committed 67532K, reserved 1107968K
  class space    used 8303K, capacity 8834K, committed 8908K, reserved 1048576K
}
Event: 16.269 GC heap before
{Heap before GC invocations=16 (full 0):
 garbage-first heap   total 129024K, used 98444K [0x00000000a0000000, 0x0000000100000000)
  region size 1024K, 43 young (44032K), 3 survivors (3072K)
 Metaspace       used 67655K, capacity 69269K, committed 69452K, reserved 1110016K
  class space    used 8586K, capacity 9162K, committed 9292K, reserved 1048576K
}
Event: 16.278 GC heap after
{Heap after GC invocations=17 (full 0):
 garbage-first heap   total 129024K, used 60814K [0x00000000a0000000, 0x0000000100000000)
  region size 1024K, 6 young (6144K), 6 survivors (6144K)
 Metaspace       used 67655K, capacity 69269K, committed 69452K, reserved 1110016K
  class space    used 8586K, capacity 9162K, committed 9292K, reserved 1048576K
}
Event: 17.321 GC heap before
{Heap before GC invocations=17 (full 0):
 garbage-first heap   total 129024K, used 100750K [0x00000000a0000000, 0x0000000100000000)
  region size 1024K, 45 young (46080K), 6 survivors (6144K)
 Metaspace       used 72278K, capacity 74006K, committed 74316K, reserved 1114112K
  class space    used 9325K, capacity 9944K, committed 10060K, reserved 1048576K
}
Event: 17.334 GC heap after
{Heap after GC invocations=18 (full 0):
 garbage-first heap   total 129024K, used 63178K [0x00000000a0000000, 0x0000000100000000)
  region size 1024K, 3 young (3072K), 3 survivors (3072K)
 Metaspace       used 72278K, capacity 74006K, committed 74316K, reserved 1114112K
  class space    used 9325K, capacity 9944K, committed 10060K, reserved 1048576K
}
Event: 18.400 GC heap before
{Heap before GC invocations=18 (full 0):
 garbage-first heap   total 129024K, used 102090K [0x00000000a0000000, 0x0000000100000000)
  region size 1024K, 41 young (41984K), 3 survivors (3072K)
 Metaspace       used 77129K, capacity 78867K, committed 79052K, reserved 1118208K
  class space    used 9941K, capacity 10577K, committed 10700K, reserved 1048576K
}
Event: 18.411 GC heap after
{Heap after GC invocations=19 (full 0):
 garbage-first heap   total 129024K, used 65338K [0x00000000a0000000, 0x0000000100000000)
  region size 1024K, 5 young (5120K), 5 survivors (5120K)
 Metaspace       used 77129K, capacity 78867K, committed 79052K, reserved 1118208K
  class space    used 9941K, capacity 10577K, committed 10700K, reserved 1048576K
}
Event: 19.323 GC heap before
{Heap before GC invocations=20 (full 0):
 garbage-first heap   total 129024K, used 103226K [0x00000000a0000000, 0x0000000100000000)
  region size 1024K, 42 young (43008K), 5 survivors (5120K)
 Metaspace       used 80552K, capacity 82375K, committed 82508K, reserved 1120256K
  class space    used 10415K, capacity 11068K, committed 11084K, reserved 1048576K
}
Event: 19.332 GC heap after
{Heap after GC invocations=21 (full 0):
 garbage-first heap   total 129024K, used 67968K [0x00000000a0000000, 0x0000000100000000)
  region size 1024K, 5 young (5120K), 5 survivors (5120K)
 Metaspace       used 80552K, capacity 82375K, committed 82508K, reserved 1120256K
  class space    used 10415K, capacity 11068K, committed 11084K, reserved 1048576K
}

