# JRE version: OpenJDK Runtime Environment (11.0.10) (build 11.0.10+0-b96-7249189)
# Java VM: OpenJDK 64-Bit Server VM (11.0.10+0-b96-7249189, mixed mode, tiered, compressed oops, g1 gc, windows-amd64)
Heap:
 garbage-first heap   total 704512K, used 220088K [0x00000000a0000000, 0x0000000100000000)
  region size 1024K, 7 young (7168K), 7 survivors (7168K)
 Metaspace       used 107810K, capacity 110798K, committed 112000K, reserved 1144832K
  class space    used 14161K, capacity 15288K, committed 15744K, reserved 1048576K
GC Heap History (20 events):
Event: 37.413 GC heap after
{Heap after GC invocations=54 (full 0):
 garbage-first heap   total 155648K, used 141001K [0x00000000a0000000, 0x0000000100000000)
  region size 1024K, 1 young (1024K), 1 survivors (1024K)
 Metaspace       used 106204K, capacity 109147K, committed 110592K, reserved 1144832K
  class space    used 13927K, capacity 15022K, committed 15616K, reserved 1048576K
}
Event: 37.490 GC heap before
{Heap before GC invocations=55 (full 0):
 garbage-first heap   total 155648K, used 146121K [0x00000000a0000000, 0x0000000100000000)
  region size 1024K, 7 young (7168K), 1 survivors (1024K)
 Metaspace       used 106247K, capacity 109148K, committed 110592K, reserved 1144832K
  class space    used 13927K, capacity 15022K, committed 15616K, reserved 1048576K
}
Event: 37.496 GC heap after
{Heap after GC invocations=56 (full 0):
 garbage-first heap   total 155648K, used 142336K [0x00000000a0000000, 0x0000000100000000)
  region size 1024K, 1 young (1024K), 1 survivors (1024K)
 Metaspace       used 106247K, capacity 109148K, committed 110592K, reserved 1144832K
  class space    used 13927K, capacity 15022K, committed 15616K, reserved 1048576K
}
Event: 37.554 GC heap before
{Heap before GC invocations=56 (full 0):
 garbage-first heap   total 155648K, used 147456K [0x00000000a0000000, 0x0000000100000000)
  region size 1024K, 7 young (7168K), 1 survivors (1024K)
 Metaspace       used 106248K, capacity 109148K, committed 110592K, reserved 1144832K
  class space    used 13927K, capacity 15022K, committed 15616K, reserved 1048576K
}
Event: 37.565 GC heap after
{Heap after GC invocations=57 (full 0):
 garbage-first heap   total 187392K, used 140557K [0x00000000a0000000, 0x0000000100000000)
  region size 1024K, 1 young (1024K), 1 survivors (1024K)
 Metaspace       used 106248K, capacity 109148K, committed 110592K, reserved 1144832K
  class space    used 13927K, capacity 15022K, committed 15616K, reserved 1048576K
}
Event: 37.607 GC heap before
{Heap before GC invocations=57 (full 0):
 garbage-first heap   total 187392K, used 146701K [0x00000000a0000000, 0x0000000100000000)
  region size 1024K, 8 young (8192K), 1 survivors (1024K)
 Metaspace       used 106248K, capacity 109148K, committed 110592K, reserved 1144832K
  class space    used 13927K, capacity 15022K, committed 15616K, reserved 1048576K
}
Event: 37.618 GC heap after
{Heap after GC invocations=58 (full 0):
 garbage-first heap   total 187392K, used 143906K [0x00000000a0000000, 0x0000000100000000)
  region size 1024K, 2 young (2048K), 2 survivors (2048K)
 Metaspace       used 106248K, capacity 109148K, committed 110592K, reserved 1144832K
  class space    used 13927K, capacity 15022K, committed 15616K, reserved 1048576K
}
Event: 37.694 GC heap before
{Heap before GC invocations=58 (full 0):
 garbage-first heap   total 187392K, used 153122K [0x00000000a0000000, 0x0000000100000000)
  region size 1024K, 11 young (11264K), 2 survivors (2048K)
 Metaspace       used 106301K, capacity 109242K, committed 110592K, reserved 1144832K
  class space    used 13939K, capacity 15032K, committed 15616K, reserved 1048576K
}
Event: 37.708 GC heap after
{Heap after GC invocations=59 (full 0):
 garbage-first heap   total 187392K, used 148341K [0x00000000a0000000, 0x0000000100000000)
  region size 1024K, 2 young (2048K), 2 survivors (2048K)
 Metaspace       used 106301K, capacity 109242K, committed 110592K, reserved 1144832K
  class space    used 13939K, capacity 15032K, committed 15616K, reserved 1048576K
}
Event: 37.873 GC heap before
{Heap before GC invocations=59 (full 0):
 garbage-first heap   total 187392K, used 156533K [0x00000000a0000000, 0x0000000100000000)
  region size 1024K, 10 young (10240K), 2 survivors (2048K)
 Metaspace       used 107176K, capacity 110190K, committed 111488K, reserved 1144832K
  class space    used 14155K, capacity 15285K, committed 15744K, reserved 1048576K
}
Event: 37.886 GC heap after
{Heap after GC invocations=60 (full 0):
 garbage-first heap   total 187392K, used 152565K [0x00000000a0000000, 0x0000000100000000)
  region size 1024K, 2 young (2048K), 2 survivors (2048K)
 Metaspace       used 107176K, capacity 110190K, committed 111488K, reserved 1144832K
  class space    used 14155K, capacity 15285K, committed 15744K, reserved 1048576K
}
Event: 38.004 GC heap before
{Heap before GC invocations=60 (full 0):
 garbage-first heap   total 187392K, used 159733K [0x00000000a0000000, 0x0000000100000000)
  region size 1024K, 9 young (9216K), 2 survivors (2048K)
 Metaspace       used 107241K, capacity 110255K, committed 111488K, reserved 1144832K
  class space    used 14155K, capacity 15285K, committed 15744K, reserved 1048576K
}
Event: 38.022 GC heap after
{Heap after GC invocations=61 (full 0):
 garbage-first heap   total 374784K, used 156927K [0x00000000a0000000, 0x0000000100000000)
  region size 1024K, 2 young (2048K), 2 survivors (2048K)
 Metaspace       used 107241K, capacity 110255K, committed 111488K, reserved 1144832K
  class space    used 14155K, capacity 15285K, committed 15744K, reserved 1048576K
}
Event: 39.017 GC heap before
{Heap before GC invocations=62 (full 0):
 garbage-first heap   total 374784K, used 222463K [0x00000000a0000000, 0x0000000100000000)
  region size 1024K, 65 young (66560K), 2 survivors (2048K)
 Metaspace       used 107343K, capacity 110328K, committed 111488K, reserved 1144832K
  class space    used 14155K, capacity 15285K, committed 15744K, reserved 1048576K
}
Event: 39.078 GC heap after
{Heap after GC invocations=63 (full 0):
 garbage-first heap   total 374784K, used 191306K [0x00000000a0000000, 0x0000000100000000)
  region size 1024K, 9 young (9216K), 9 survivors (9216K)
 Metaspace       used 107343K, capacity 110328K, committed 111488K, reserved 1144832K
  class space    used 14155K, capacity 15285K, committed 15744K, reserved 1048576K
}
Event: 39.456 GC heap before
{Heap before GC invocations=63 (full 0):
 garbage-first heap   total 374784K, used 230218K [0x00000000a0000000, 0x0000000100000000)
  region size 1024K, 48 young (49152K), 9 survivors (9216K)
 Metaspace       used 107539K, capacity 110535K, committed 111744K, reserved 1144832K
  class space    used 14167K, capacity 15301K, committed 15744K, reserved 1048576K
}
Event: 39.504 GC heap after
{Heap after GC invocations=64 (full 0):
 garbage-first heap   total 374784K, used 204745K [0x00000000a0000000, 0x0000000100000000)
  region size 1024K, 8 young (8192K), 8 survivors (8192K)
 Metaspace       used 107539K, capacity 110535K, committed 111744K, reserved 1144832K
  class space    used 14167K, capacity 15301K, committed 15744K, reserved 1048576K
}
Event: 40.191 GC heap before
{Heap before GC invocations=64 (full 0):
 garbage-first heap   total 374784K, used 245705K [0x00000000a0000000, 0x0000000100000000)
  region size 1024K, 59 young (60416K), 8 survivors (8192K)
 Metaspace       used 107708K, capacity 110720K, committed 112000K, reserved 1144832K
  class space    used 14161K, capacity 15288K, committed 15744K, reserved 1048576K
}
Event: 40.226 GC heap after
{Heap after GC invocations=65 (full 0):
 garbage-first heap   total 374784K, used 202084K [0x00000000a0000000, 0x0000000100000000)
  region size 1024K, 8 young (8192K), 8 survivors (8192K)
 Metaspace       used 107708K, capacity 110720K, committed 112000K, reserved 1144832K
  class space    used 14161K, capacity 15288K, committed 15744K, reserved 1048576K
}
Event: 41.185 GC heap before
{Heap before GC invocations=66 (full 0):
 garbage-first heap   total 374784K, used 270692K [0x00000000a0000000, 0x0000000100000000)
  region size 1024K, 63 young (64512K), 8 survivors (8192K)
 Metaspace       used 107810K, capacity 110798K, committed 112000K, reserved 1144832K
  class space    used 14161K, capacity 15288K, committed 15744K, reserved 1048576K
}

