# JRE version: OpenJDK Runtime Environment (11.0.10) (build 11.0.10+0-b96-7249189)
# Java VM: OpenJDK 64-Bit Server VM (11.0.10+0-b96-7249189, mixed mode, tiered, compressed oops, g1 gc, windows-amd64)
Heap:
 garbage-first heap   total 206848K, used 58880K [0x0000000083400000, 0x0000000100000000)
  region size 1024K, 6 young (6144K), 6 survivors (6144K)
 Metaspace       used 61268K, capacity 62070K, committed 62288K, reserved 1103872K
  class space    used 6873K, capacity 7183K, committed 7244K, reserved 1048576K
GC Heap History (20 events):
Event: 1.077 GC heap after
{Heap after GC invocations=1 (full 0):
 garbage-first heap   total 129024K, used 5754K [0x0000000083400000, 0x0000000100000000)
  region size 1024K, 3 young (3072K), 3 survivors (3072K)
 Metaspace       used 12342K, capacity 12504K, committed 12800K, reserved 1060864K
  class space    used 1160K, capacity 1207K, committed 1280K, reserved 1048576K
}
Event: 1.949 GC heap before
{Heap before GC invocations=1 (full 0):
 garbage-first heap   total 129024K, used 41594K [0x0000000083400000, 0x0000000100000000)
  region size 1024K, 39 young (39936K), 3 survivors (3072K)
 Metaspace       used 20885K, capacity 21176K, committed 21296K, reserved 1069056K
  class space    used 2270K, capacity 2380K, committed 2432K, reserved 1048576K
}
Event: 1.962 GC heap after
{Heap after GC invocations=2 (full 0):
 garbage-first heap   total 129024K, used 9331K [0x0000000083400000, 0x0000000100000000)
  region size 1024K, 7 young (7168K), 7 survivors (7168K)
 Metaspace       used 20885K, capacity 21176K, committed 21296K, reserved 1069056K
  class space    used 2270K, capacity 2380K, committed 2432K, reserved 1048576K
}
Event: 3.533 GC heap before
{Heap before GC invocations=3 (full 0):
 garbage-first heap   total 129024K, used 64627K [0x0000000083400000, 0x0000000100000000)
  region size 1024K, 56 young (57344K), 7 survivors (7168K)
 Metaspace       used 32606K, capacity 33125K, committed 33456K, reserved 1079296K
  class space    used 4091K, capacity 4294K, committed 4352K, reserved 1048576K
}
Event: 3.559 GC heap after
{Heap after GC invocations=4 (full 0):
 garbage-first heap   total 129024K, used 20579K [0x0000000083400000, 0x0000000100000000)
  region size 1024K, 7 young (7168K), 7 survivors (7168K)
 Metaspace       used 32606K, capacity 33125K, committed 33456K, reserved 1079296K
  class space    used 4091K, capacity 4294K, committed 4352K, reserved 1048576K
}
Event: 3.598 GC heap before
{Heap before GC invocations=4 (full 0):
 garbage-first heap   total 129024K, used 21603K [0x0000000083400000, 0x0000000100000000)
  region size 1024K, 8 young (8192K), 7 survivors (7168K)
 Metaspace       used 32877K, capacity 33351K, committed 33456K, reserved 1079296K
  class space    used 4130K, capacity 4327K, committed 4352K, reserved 1048576K
}
Event: 3.614 GC heap after
{Heap after GC invocations=5 (full 0):
 garbage-first heap   total 129024K, used 21925K [0x0000000083400000, 0x0000000100000000)
  region size 1024K, 1 young (1024K), 1 survivors (1024K)
 Metaspace       used 32877K, capacity 33351K, committed 33456K, reserved 1079296K
  class space    used 4130K, capacity 4327K, committed 4352K, reserved 1048576K
}
Event: 4.008 GC heap before
{Heap before GC invocations=5 (full 0):
 garbage-first heap   total 129024K, used 32165K [0x0000000083400000, 0x0000000100000000)
  region size 1024K, 12 young (12288K), 1 survivors (1024K)
 Metaspace       used 35294K, capacity 35783K, committed 35920K, reserved 1081344K
  class space    used 4399K, capacity 4583K, committed 4608K, reserved 1048576K
}
Event: 4.011 GC heap after
{Heap after GC invocations=6 (full 0):
 garbage-first heap   total 129024K, used 21925K [0x0000000083400000, 0x0000000100000000)
  region size 1024K, 1 young (1024K), 1 survivors (1024K)
 Metaspace       used 35294K, capacity 35783K, committed 35920K, reserved 1081344K
  class space    used 4399K, capacity 4583K, committed 4608K, reserved 1048576K
}
Event: 6.162 GC heap before
{Heap before GC invocations=7 (full 0):
 garbage-first heap   total 129024K, used 69029K [0x0000000083400000, 0x0000000100000000)
  region size 1024K, 47 young (48128K), 1 survivors (1024K)
 Metaspace       used 44522K, capacity 45104K, committed 45340K, reserved 1089536K
  class space    used 5277K, capacity 5506K, committed 5580K, reserved 1048576K
}
Event: 6.183 GC heap after
{Heap after GC invocations=8 (full 0):
 garbage-first heap   total 129024K, used 24546K [0x0000000083400000, 0x0000000100000000)
  region size 1024K, 6 young (6144K), 6 survivors (6144K)
 Metaspace       used 44522K, capacity 45104K, committed 45340K, reserved 1089536K
  class space    used 5277K, capacity 5506K, committed 5580K, reserved 1048576K
}
Event: 8.302 GC heap before
{Heap before GC invocations=8 (full 0):
 garbage-first heap   total 129024K, used 75746K [0x0000000083400000, 0x0000000100000000)
  region size 1024K, 53 young (54272K), 6 survivors (6144K)
 Metaspace       used 51240K, capacity 51887K, committed 51996K, reserved 1095680K
  class space    used 6019K, capacity 6296K, committed 6348K, reserved 1048576K
}
Event: 8.339 GC heap after
{Heap after GC invocations=9 (full 0):
 garbage-first heap   total 155648K, used 34550K [0x0000000083400000, 0x0000000100000000)
  region size 1024K, 7 young (7168K), 7 survivors (7168K)
 Metaspace       used 51240K, capacity 51887K, committed 51996K, reserved 1095680K
  class space    used 6019K, capacity 6296K, committed 6348K, reserved 1048576K
}
Event: 10.385 GC heap before
{Heap before GC invocations=9 (full 0):
 garbage-first heap   total 155648K, used 90870K [0x0000000083400000, 0x0000000100000000)
  region size 1024K, 62 young (63488K), 7 survivors (7168K)
 Metaspace       used 56404K, capacity 57132K, committed 57372K, reserved 1099776K
  class space    used 6527K, capacity 6817K, committed 6860K, reserved 1048576K
}
Event: 10.426 GC heap after
{Heap after GC invocations=10 (full 0):
 garbage-first heap   total 155648K, used 41313K [0x0000000083400000, 0x0000000100000000)
  region size 1024K, 7 young (7168K), 7 survivors (7168K)
 Metaspace       used 56404K, capacity 57132K, committed 57372K, reserved 1099776K
  class space    used 6527K, capacity 6817K, committed 6860K, reserved 1048576K
}
Event: 12.637 GC heap before
{Heap before GC invocations=10 (full 0):
 garbage-first heap   total 155648K, used 98657K [0x0000000083400000, 0x0000000100000000)
  region size 1024K, 63 young (64512K), 7 survivors (7168K)
 Metaspace       used 58338K, capacity 59096K, committed 59292K, reserved 1101824K
  class space    used 6655K, capacity 6960K, committed 6988K, reserved 1048576K
}
Event: 12.698 GC heap after
{Heap after GC invocations=11 (full 0):
 garbage-first heap   total 155648K, used 51200K [0x0000000083400000, 0x0000000100000000)
  region size 1024K, 8 young (8192K), 8 survivors (8192K)
 Metaspace       used 58338K, capacity 59096K, committed 59292K, reserved 1101824K
  class space    used 6655K, capacity 6960K, committed 6988K, reserved 1048576K
}
Event: 13.311 GC heap before
{Heap before GC invocations=11 (full 0):
 garbage-first heap   total 155648K, used 60416K [0x0000000083400000, 0x0000000100000000)
  region size 1024K, 18 young (18432K), 8 survivors (8192K)
 Metaspace       used 59557K, capacity 60305K, committed 60420K, reserved 1103872K
  class space    used 6785K, capacity 7074K, committed 7116K, reserved 1048576K
}
Event: 13.347 GC heap after
{Heap after GC invocations=12 (full 0):
 garbage-first heap   total 155648K, used 53196K [0x0000000083400000, 0x0000000100000000)
  region size 1024K, 2 young (2048K), 2 survivors (2048K)
 Metaspace       used 59557K, capacity 60305K, committed 60420K, reserved 1103872K
  class space    used 6785K, capacity 7074K, committed 7116K, reserved 1048576K
}
Event: 15.290 GC heap before
{Heap before GC invocations=13 (full 0):
 garbage-first heap   total 155648K, used 94156K [0x0000000083400000, 0x0000000100000000)
  region size 1024K, 41 young (41984K), 2 survivors (2048K)
 Metaspace       used 61268K, capacity 62070K, committed 62288K, reserved 1103872K
  class space    used 6873K, capacity 7183K, committed 7244K, reserved 1048576K
}

