# JRE version: OpenJDK Runtime Environment (11.0.10) (build 11.0.10+0-b96-7249189)
# Java VM: OpenJDK 64-Bit Server VM (11.0.10+0-b96-7249189, mixed mode, tiered, compressed oops, g1 gc, windows-amd64)
Heap:
 garbage-first heap   total 282624K, used 182206K [0x00000000e0000000, 0x0000000100000000)
  region size 1024K, 27 young (27648K), 1 survivors (1024K)
 Metaspace       used 172457K, capacity 177392K, committed 177620K, reserved 409600K
  class space    used 21059K, capacity 22856K, committed 22912K, reserved 253952K
GC Heap History (20 events):
Event: 624.740 GC heap before
{Heap before GC invocations=162 (full 0):
 garbage-first heap   total 282624K, used 229540K [0x00000000e0000000, 0x0000000100000000)
  region size 1024K, 64 young (65536K), 2 survivors (2048K)
 Metaspace       used 172204K, capacity 177060K, committed 177364K, reserved 409600K
  class space    used 21044K, capacity 22840K, committed 22912K, reserved 253952K
}
Event: 624.747 GC heap after
{Heap after GC invocations=163 (full 0):
 garbage-first heap   total 282624K, used 166158K [0x00000000e0000000, 0x0000000100000000)
  region size 1024K, 2 young (2048K), 2 survivors (2048K)
 Metaspace       used 172204K, capacity 177060K, committed 177364K, reserved 409600K
  class space    used 21044K, capacity 22840K, committed 22912K, reserved 253952K
}
Event: 625.330 GC heap before
{Heap before GC invocations=164 (full 0):
 garbage-first heap   total 282624K, used 234766K [0x00000000e0000000, 0x0000000100000000)
  region size 1024K, 66 young (67584K), 2 survivors (2048K)
 Metaspace       used 172290K, capacity 177165K, committed 177364K, reserved 409600K
  class space    used 21051K, capacity 22847K, committed 22912K, reserved 253952K
}
Event: 625.341 GC heap after
{Heap after GC invocations=165 (full 0):
 garbage-first heap   total 282624K, used 172324K [0x00000000e0000000, 0x0000000100000000)
  region size 1024K, 6 young (6144K), 6 survivors (6144K)
 Metaspace       used 172290K, capacity 177165K, committed 177364K, reserved 409600K
  class space    used 21051K, capacity 22847K, committed 22912K, reserved 253952K
}
Event: 625.377 GC heap before
{Heap before GC invocations=165 (full 0):
 garbage-first heap   total 282624K, used 179492K [0x00000000e0000000, 0x0000000100000000)
  region size 1024K, 13 young (13312K), 6 survivors (6144K)
 Metaspace       used 172315K, capacity 177231K, committed 177364K, reserved 409600K
  class space    used 21051K, capacity 22847K, committed 22912K, reserved 253952K
}
Event: 625.406 GC heap after
{Heap after GC invocations=166 (full 0):
 garbage-first heap   total 282624K, used 169030K [0x00000000e0000000, 0x0000000100000000)
  region size 1024K, 2 young (2048K), 2 survivors (2048K)
 Metaspace       used 172315K, capacity 177231K, committed 177364K, reserved 409600K
  class space    used 21051K, capacity 22847K, committed 22912K, reserved 253952K
}
Event: 625.764 GC heap before
{Heap before GC invocations=166 (full 0):
 garbage-first heap   total 282624K, used 216134K [0x00000000e0000000, 0x0000000100000000)
  region size 1024K, 50 young (51200K), 2 survivors (2048K)
 Metaspace       used 172390K, capacity 177368K, committed 177620K, reserved 409600K
  class space    used 21054K, capacity 22849K, committed 22912K, reserved 253952K
}
Event: 625.796 GC heap after
{Heap after GC invocations=167 (full 0):
 garbage-first heap   total 282624K, used 178042K [0x00000000e0000000, 0x0000000100000000)
  region size 1024K, 8 young (8192K), 8 survivors (8192K)
 Metaspace       used 172390K, capacity 177368K, committed 177620K, reserved 409600K
  class space    used 21054K, capacity 22849K, committed 22912K, reserved 253952K
}
Event: 628.381 GC heap before
{Heap before GC invocations=168 (full 0):
 garbage-first heap   total 282624K, used 230266K [0x00000000e0000000, 0x0000000100000000)
  region size 1024K, 59 young (60416K), 8 survivors (8192K)
 Metaspace       used 172418K, capacity 177368K, committed 177620K, reserved 409600K
  class space    used 21054K, capacity 22849K, committed 22912K, reserved 253952K
}
Event: 628.397 GC heap after
{Heap after GC invocations=169 (full 0):
 garbage-first heap   total 282624K, used 180437K [0x00000000e0000000, 0x0000000100000000)
  region size 1024K, 6 young (6144K), 6 survivors (6144K)
 Metaspace       used 172418K, capacity 177368K, committed 177620K, reserved 409600K
  class space    used 21054K, capacity 22849K, committed 22912K, reserved 253952K
}
Event: 628.555 GC heap before
{Heap before GC invocations=169 (full 0):
 garbage-first heap   total 282624K, used 186581K [0x00000000e0000000, 0x0000000100000000)
  region size 1024K, 13 young (13312K), 6 survivors (6144K)
 Metaspace       used 172429K, capacity 177380K, committed 177620K, reserved 409600K
  class space    used 21057K, capacity 22853K, committed 22912K, reserved 253952K
}
Event: 628.591 GC heap after
{Heap after GC invocations=170 (full 0):
 garbage-first heap   total 282624K, used 168722K [0x00000000e0000000, 0x0000000100000000)
  region size 1024K, 1 young (1024K), 1 survivors (1024K)
 Metaspace       used 172429K, capacity 177380K, committed 177620K, reserved 409600K
  class space    used 21057K, capacity 22853K, committed 22912K, reserved 253952K
}
Event: 639.842 GC heap before
{Heap before GC invocations=170 (full 0):
 garbage-first heap   total 282624K, used 225042K [0x00000000e0000000, 0x0000000100000000)
  region size 1024K, 57 young (58368K), 1 survivors (1024K)
 Metaspace       used 172446K, capacity 177392K, committed 177620K, reserved 409600K
  class space    used 21059K, capacity 22856K, committed 22912K, reserved 253952K
}
Event: 639.853 GC heap after
{Heap after GC invocations=171 (full 0):
 garbage-first heap   total 282624K, used 170015K [0x00000000e0000000, 0x0000000100000000)
  region size 1024K, 3 young (3072K), 3 survivors (3072K)
 Metaspace       used 172446K, capacity 177392K, committed 177620K, reserved 409600K
  class space    used 21059K, capacity 22856K, committed 22912K, reserved 253952K
}
Event: 640.084 GC heap before
{Heap before GC invocations=171 (full 0):
 garbage-first heap   total 282624K, used 227359K [0x00000000e0000000, 0x0000000100000000)
  region size 1024K, 60 young (61440K), 3 survivors (3072K)
 Metaspace       used 172447K, capacity 177392K, committed 177620K, reserved 409600K
  class space    used 21059K, capacity 22856K, committed 22912K, reserved 253952K
}
Event: 640.089 GC heap after
{Heap after GC invocations=172 (full 0):
 garbage-first heap   total 282624K, used 170178K [0x00000000e0000000, 0x0000000100000000)
  region size 1024K, 3 young (3072K), 3 survivors (3072K)
 Metaspace       used 172447K, capacity 177392K, committed 177620K, reserved 409600K
  class space    used 21059K, capacity 22856K, committed 22912K, reserved 253952K
}
Event: 650.502 GC heap before
{Heap before GC invocations=173 (full 0):
 garbage-first heap   total 282624K, used 229570K [0x00000000e0000000, 0x0000000100000000)
  region size 1024K, 62 young (63488K), 3 survivors (3072K)
 Metaspace       used 172456K, capacity 177392K, committed 177620K, reserved 409600K
  class space    used 21059K, capacity 22856K, committed 22912K, reserved 253952K
}
Event: 650.510 GC heap after
{Heap after GC invocations=174 (full 0):
 garbage-first heap   total 282624K, used 168074K [0x00000000e0000000, 0x0000000100000000)
  region size 1024K, 3 young (3072K), 3 survivors (3072K)
 Metaspace       used 172456K, capacity 177392K, committed 177620K, reserved 409600K
  class space    used 21059K, capacity 22856K, committed 22912K, reserved 253952K
}
Event: 650.557 GC heap before
{Heap before GC invocations=174 (full 0):
 garbage-first heap   total 282624K, used 178314K [0x00000000e0000000, 0x0000000100000000)
  region size 1024K, 13 young (13312K), 3 survivors (3072K)
 Metaspace       used 172456K, capacity 177392K, committed 177620K, reserved 409600K
  class space    used 21059K, capacity 22856K, committed 22912K, reserved 253952K
}
Event: 650.582 GC heap after
{Heap after GC invocations=175 (full 0):
 garbage-first heap   total 282624K, used 156606K [0x00000000e0000000, 0x0000000100000000)
  region size 1024K, 1 young (1024K), 1 survivors (1024K)
 Metaspace       used 172456K, capacity 177392K, committed 177620K, reserved 409600K
  class space    used 21059K, capacity 22856K, committed 22912K, reserved 253952K
}

